<?xml version="1.0" encoding="UTF-8"?>
<testsuite xmlns:xsi="http://www.w3.org/2001/XMLSchema-instance" xsi:noNamespaceSchemaLocation="https://maven.apache.org/surefire/maven-surefire-plugin/xsd/surefire-test-report-3.0.xsd" version="3.0" name="com.example.calculator.CalculatorTest" time="0.002" tests="7" errors="0" skipped="1" failures="0">
  <properties>
    <property name="java.specification.version" value="17"/>
    <property name="sun.cpu.isalist" value="amd64"/>
    <property name="sun.jnu.encoding" value="Cp1251"/>
    <property name="java.class.path" value="D:\Java\Jenkins_project\java-example-apps\calculator\target\test-classes;D:\Java\Jenkins_project\java-example-apps\calculator\target\classes;C:\Users\doct2\.m2\repository\junit\junit\4.11\junit-4.11.jar;C:\Users\doct2\.m2\repository\org\hamcrest\hamcrest-core\1.3\hamcrest-core-1.3.jar;"/>
    <property name="java.vm.vendor" value="Eclipse Adoptium"/>
    <property name="sun.arch.data.model" value="64"/>
    <property name="user.variant" value=""/>
    <property name="java.vendor.url" value="https://adoptium.net/"/>
    <property name="user.timezone" value="Europe/Moscow"/>
    <property name="os.name" value="Windows 11"/>
    <property name="java.vm.specification.version" value="17"/>
    <property name="sun.java.launcher" value="SUN_STANDARD"/>
    <property name="user.country" value="RU"/>
    <property name="sun.boot.library.path" value="D:\Program Files\.jdks\jdk-17.0.5.8-hotspot\bin"/>
    <property name="sun.java.command" value="C:\Users\doct2\AppData\Local\Temp\surefire8637889196711726498\surefirebooter-20240529133034445_3.jar C:\Users\doct2\AppData\Local\Temp\surefire8637889196711726498 2024-05-29T13-30-32_716-jvmRun1 surefire-20240529133034445_1tmp surefire_0-20240529133034445_2tmp"/>
    <property name="jdk.debug" value="release"/>
    <property name="surefire.test.class.path" value="D:\Java\Jenkins_project\java-example-apps\calculator\target\test-classes;D:\Java\Jenkins_project\java-example-apps\calculator\target\classes;C:\Users\doct2\.m2\repository\junit\junit\4.11\junit-4.11.jar;C:\Users\doct2\.m2\repository\org\hamcrest\hamcrest-core\1.3\hamcrest-core-1.3.jar;"/>
    <property name="sun.cpu.endian" value="little"/>
    <property name="user.home" value="C:\Users\doct2"/>
    <property name="user.language" value="ru"/>
    <property name="java.specification.vendor" value="Oracle Corporation"/>
    <property name="java.version.date" value="2022-10-18"/>
    <property name="java.home" value="D:\Program Files\.jdks\jdk-17.0.5.8-hotspot"/>
    <property name="file.separator" value="\"/>
    <property name="basedir" value="D:\Java\Jenkins_project\java-example-apps\calculator"/>
    <property name="java.vm.compressedOopsMode" value="Zero based"/>
    <property name="line.separator" value="&#10;"/>
    <property name="java.vm.specification.vendor" value="Oracle Corporation"/>
    <property name="java.specification.name" value="Java Platform API Specification"/>
    <property name="surefire.real.class.path" value="C:\Users\doct2\AppData\Local\Temp\surefire8637889196711726498\surefirebooter-20240529133034445_3.jar"/>
    <property name="user.script" value=""/>
    <property name="sun.management.compiler" value="HotSpot 64-Bit Tiered Compilers"/>
    <property name="java.runtime.version" value="17.0.5+8"/>
    <property name="user.name" value="doct2"/>
    <property name="path.separator" value=";"/>
    <property name="os.version" value="10.0"/>
    <property name="java.runtime.name" value="OpenJDK Runtime Environment"/>
    <property name="file.encoding" value="Cp1251"/>
    <property name="java.vm.name" value="OpenJDK 64-Bit Server VM"/>
    <property name="java.vendor.version" value="Temurin-17.0.5+8"/>
    <property name="localRepository" value="C:\Users\doct2\.m2\repository"/>
    <property name="java.vendor.url.bug" value="https://github.com/adoptium/adoptium-support/issues"/>
    <property name="java.io.tmpdir" value="C:\Users\doct2\AppData\Local\Temp\"/>
    <property name="java.version" value="17.0.5"/>
    <property name="user.dir" value="D:\Java\Jenkins_project\java-example-apps\calculator"/>
    <property name="os.arch" value="amd64"/>
    <property name="java.vm.specification.name" value="Java Virtual Machine Specification"/>
    <property name="sun.os.patch.level" value=""/>
    <property name="native.encoding" value="Cp1251"/>
    <property name="java.library.path" value="D:\Program Files\.jdks\jdk-17.0.5.8-hotspot\bin;C:\WINDOWS\Sun\Java\bin;C:\WINDOWS\system32;C:\WINDOWS;D:\Program Files\Eclipse Adoptium\jdk-17.0.5.8-hotspot\bin;C:\Program Files\Common Files\Oracle\Java\javapath;C:\WINDOWS\system32;C:\WINDOWS;C:\WINDOWS\System32\Wbem;C:\WINDOWS\System32\WindowsPowerShell\v1.0\;C:\WINDOWS\System32\OpenSSH\;C:\platform-tools;C:\Program Files\dotnet\;C:\Users\doct2\AppData\Local\Programs\Python\Python39;C:\Users\doct2\AppData\Local\Programs\Python\Python39\Scripts;D:\Program Files\.jdks\jdk-17.0.5.8-hotspot\bin;C:\Program Files\Git\bin;C:\Users\doct2\AppData\Roaming\nvm;C:\Program Files\nodejs;D:\Program Files\PostgreSQL\16\bin\;D:\Program Files\liquibase;E:\Docker\resources\bin;D:\Users\doct2\.gradle;D:\Users\doct2\.android;C:\Users\doct2\.m2;D:\Program Files\webdrivers\;C:\Program Files\PowerShell\7\;D:\Program Files\Zookeeper-3.8.4\bin;D:\maven\apache-maven-3.9.6\bin;D:\Program Files (x86)\Git\cmd;C:\Program Files\MySQL\MySQL Shell 8.0\bin\;C:\Users\doct2\AppData\Local\Programs\Python\Python311\Scripts\;C:\Users\doct2\AppData\Local\Programs\Python\Python311\;C:\Users\doct2\AppData\Local\Microsoft\WindowsApps;D:\Program Files (x86)\Microsoft VS Code\bin;C:\Users\doct2\.dotnet\tools;D:\Program Files\JetBrains\IntelliJ IDEA Community Edition 2022.3.1\bin;D:\Program Files\JetBrainsUltimate\IntelliJ IDEA 2022.3.2\bin;C:\Users\doct2\AppData\Roaming\npm;C:\Users\doct2\AppData\Roaming\nvm;C:\Program Files\nodejs;D:\Program Files\PostgreSQL\16\bin;D:\Program Files\liquibase;D:\Program Files\webdrivers;D:\allure-2.29.0\bin;."/>
    <property name="java.vm.info" value="mixed mode, sharing"/>
    <property name="java.vendor" value="Eclipse Adoptium"/>
    <property name="java.vm.version" value="17.0.5+8"/>
    <property name="sun.io.unicode.encoding" value="UnicodeLittle"/>
    <property name="java.class.version" value="61.0"/>
  </properties>
  <testcase name="testEqual" classname="com.example.calculator.CalculatorTest" time="0">
    <skipped/>
  </testcase>
  <testcase name="testDivisionException" classname="com.example.calculator.CalculatorTest" time="0.002">
    <system-out><![CDATA[This is executed before each Test
This is exceuted after each Test
]]></system-out>
  </testcase>
  <testcase name="testDivison" classname="com.example.calculator.CalculatorTest" time="0.002">
    <system-out><![CDATA[This is executed before each Test
This is exceuted after each Test
]]></system-out>
  </testcase>
  <testcase name="testSumHundreds" classname="com.example.calculator.CalculatorTest" time="0.002">
    <system-out><![CDATA[This is executed before each Test
This is exceuted after each Test
]]></system-out>
  </testcase>
  <testcase name="testSum" classname="com.example.calculator.CalculatorTest" time="0.002">
    <system-out><![CDATA[This is executed before each Test
This is exceuted after each Test
]]></system-out>
  </testcase>
  <testcase name="testSubtraction" classname="com.example.calculator.CalculatorTest" time="0.002">
    <system-out><![CDATA[This is executed before each Test
This is exceuted after each Test
]]></system-out>
  </testcase>
  <testcase name="testMultiplication" classname="com.example.calculator.CalculatorTest" time="0.002">
    <system-out><![CDATA[This is executed before each Test
This is exceuted after each Test
]]></system-out>
  </testcase>
</testsuite>